timestamp: 2020-09-15T10:25:25.306596
CREATE TABLE "auth_user"(
    "id" INTEGER PRIMARY KEY AUTOINCREMENT,
    "username" CHAR(512) UNIQUE,
    "email" CHAR(512) UNIQUE,
    "password" CHAR(512),
    "first_name" CHAR(512),
    "last_name" CHAR(512),
    "sso_id" CHAR(512),
    "action_token" CHAR(512),
    "last_password_change" TIMESTAMP
);
success!
timestamp: 2020-09-15T10:25:25.400451
CREATE TABLE "auth_user_tag_groups"(
    "id" INTEGER PRIMARY KEY AUTOINCREMENT,
    "path" CHAR(512),
    "record_id" INTEGER REFERENCES "auth_user" ("id") ON DELETE CASCADE  
);
success!
timestamp: 2020-09-15T10:25:25.752543
CREATE TABLE "company"(
    "id" INTEGER PRIMARY KEY AUTOINCREMENT,
    "ian_full_name" CHAR(512),
    "fin_type" CHAR(512),
    "im_numident" INTEGER,
    "ian_ro_seria" CHAR(512),
    "ian_ro_code" CHAR(512),
    "ian_ro_dt" TIMESTAMP,
    "dic_name" CHAR(512),
    "f_adr" CHAR(512),
    "ia_phone_code" CHAR(512),
    "ia_phone" CHAR(512),
    "ia_email" CHAR(512),
    "ind_obl" CHAR(512),
    "k_name" CHAR(512),
    "abbreviation" CHAR(512),
    "position" CHAR(512),
    "update_date" TIMESTAMP,
    "changes" CHAR(512)
);
success!
timestamp: 2020-09-15T10:25:25.853222
CREATE TABLE "license"(
    "id" INTEGER PRIMARY KEY AUTOINCREMENT,
    "nfs_code" DOUBLE,
    "nfs_name" CHAR(512),
    "lt_nnr2" CHAR(512),
    "lt_name" CHAR(512),
    "il_name" CHAR(512),
    "il_number" CHAR(512),
    "il_date" TIMESTAMP,
    "il_date_begin" TIMESTAMP,
    "il_date_end" TIMESTAMP,
    "il_date_nullify" TIMESTAMP,
    "il_term" CHAR(512),
    "il_duplicat_date" TIMESTAMP,
    "il_duplicat_no" CHAR(512),
    "lt_nnr_dupl" CHAR(512),
    "il_rereg_date" TIMESTAMP,
    "il_rereg_no" CHAR(512),
    "lt_nnr_rereg" CHAR(512),
    "il_suspend_date" TIMESTAMP,
    "lt_nnr_suspend" CHAR(512),
    "il_resume_date" TIMESTAMP,
    "lt_nnr_resume" CHAR(512),
    "il_nullify_no" CHAR(512),
    "lt_bool" CHAR(512),
    "il_appointment" CHAR(512),
    "ild_lro_date" TIMESTAMP,
    "ild_aoc_num" CHAR(512),
    "ild_aoc_date" TIMESTAMP,
    "ild_aosrs_num" CHAR(512),
    "ild_aosrs_date" TIMESTAMP,
    "update_date" TIMESTAMP,
    "company_id" INTEGER REFERENCES "company" ("id") ON DELETE CASCADE  
);
success!
timestamp: 2020-09-15T10:25:25.912352
CREATE TABLE "unit"(
    "id" INTEGER PRIMARY KEY AUTOINCREMENT,
    "im_numident" CHAR(512),
    "ian_full_name" INTEGER,
    "ia_full" CHAR(512),
    "ia_phone_code" CHAR(512),
    "ia_phone" CHAR(512),
    "ind_obl" CHAR(512),
    "fio" CHAR(512),
    "st_name" CHAR(512),
    "im" CHAR(512),
    "company_id" INTEGER REFERENCES "company" ("id") ON DELETE CASCADE  
);
success!
timestamp: 2020-09-15T10:25:25.963212
CREATE TABLE "site_user"(
    "id" INTEGER PRIMARY KEY AUTOINCREMENT,
    "first_name" CHAR(512),
    "last_name" CHAR(512),
    "mobile_phone" CHAR(512),
    "work_phone" CHAR(512),
    "email1" CHAR(512),
    "email2" CHAR(512),
    "admin" CHAR(512),
    "auth_user" INTEGER REFERENCES "auth_user" ("id") ON DELETE CASCADE  
);
success!
timestamp: 2020-09-15T10:25:26.015518
CREATE TABLE "download"(
    "id" INTEGER PRIMARY KEY AUTOINCREMENT,
    "name" CHAR(512),
    "data" CHAR(512),
    "quarter_num" CHAR(512),
    "site_user" INTEGER REFERENCES "site_user" ("id") ON DELETE CASCADE  ,
    "company_id" INTEGER REFERENCES "company" ("id") ON DELETE CASCADE  
);
success!
timestamp: 2020-09-15T10:25:26.066089
CREATE TABLE "name"(
    "id" INTEGER PRIMARY KEY AUTOINCREMENT,
    "name" CHAR(512),
    "update_date" TIMESTAMP
);
success!
timestamp: 2020-09-15T10:25:26.117524
CREATE TABLE "company_user"(
    "id" INTEGER PRIMARY KEY AUTOINCREMENT,
    "site_user" INTEGER REFERENCES "site_user" ("id") ON DELETE CASCADE  ,
    "company_id" INTEGER REFERENCES "company" ("id") ON DELETE CASCADE  
);
success!
timestamp: 2020-09-15T10:25:26.177448
CREATE TABLE "request"(
    "id" INTEGER PRIMARY KEY AUTOINCREMENT,
    "site_user" INTEGER REFERENCES "site_user" ("id") ON DELETE CASCADE  ,
    "company_id" INTEGER REFERENCES "company" ("id") ON DELETE CASCADE  ,
    "action" CHAR(512),
    "request_date" TIMESTAMP,
    "confirm" CHAR(1)
);
success!
timestamp: 2020-09-15T10:25:26.229474
CREATE TABLE "payout"(
    "id" INTEGER PRIMARY KEY AUTOINCREMENT,
    "insurance_type" CHAR(512),
    "contract_num" CHAR(512),
    "case_num" CHAR(512),
    "insurance_case_date" CHAR(512),
    "statement_date" CHAR(512),
    "requirement_date" CHAR(512),
    "insurance_act_date" CHAR(512),
    "insurance_payment_date" CHAR(512),
    "insurance_payment_size" CHAR(512),
    "settlement_costs" CHAR(512),
    "reserve_size" CHAR(512),
    "company_id" INTEGER REFERENCES "company" ("id") ON DELETE CASCADE  
);
success!
timestamp: 2020-09-15T10:25:26.279556
CREATE TABLE "type"(
    "id" INTEGER PRIMARY KEY AUTOINCREMENT,
    "name" CHAR(512),
    "gross_receipts" CHAR(512),
    "from_residents" CHAR(512),
    "rfrom_insurers_individuals" CHAR(512),
    "rfrom_insurers_legal_entities" CHAR(512),
    "rfrom_reinsurers" CHAR(512),
    "from_non_residents" CHAR(512),
    "nfrom_insurers_individuals" CHAR(512),
    "company_id" INTEGER REFERENCES "company" ("id") ON DELETE CASCADE  
);
success!
